Better speed can be achieved with apex installed from https://www.github.com/nvidia/apex .
Better speed can be achieved with apex installed from https://www.github.com/nvidia/apex .
Start attack
loading configuration file https://s3.amazonaws.com/models.huggingface.co/bert/bert-base-uncased-config.json from cache at /home/tuh17884/.cache/torch/pytorch_transformers/4dad0251492946e18ac39290fcfe91b89d370fee250efe9521476438fe8ca185.7156163d5fdc189c3016baca0775ffce230789d7fa2a42ef516483e4ca884517
Model config {
  "architectures": [
    "BertForMaskedLM"
  ],
  "attention_probs_dropout_prob": 0.1,
  "finetuning_task": null,
  "hidden_act": "gelu",
  "hidden_dropout_prob": 0.1,
  "hidden_size": 768,
  "initializer_range": 0.02,
  "intermediate_size": 3072,
  "layer_norm_eps": 1e-12,
  "max_position_embeddings": 512,
  "model_type": "bert",
  "num_attention_heads": 12,
  "num_hidden_layers": 12,
  "num_labels": 3,
  "output_attentions": false,
  "output_hidden_states": false,
  "pad_token_id": 0,
  "pruned_heads": {},
  "torchscript": false,
  "type_vocab_size": 2,
  "vocab_size": 30522
}

loading file https://s3.amazonaws.com/models.huggingface.co/bert/bert-base-uncased-vocab.txt from cache at /home/tuh17884/.cache/torch/pytorch_transformers/26bc1ad6c0ac742e9b52263248f6d0f00068293b33709fae12320c0e35ccfbbb.542ce4285a40d23a559526243235df47c5f75c197f04f37d1a0c124c32c9a084
Begin Attack
('const confidence:', 10.0, 0.0)
('const confidence lr:', 10.0, 0.0, 0.15)
('tot:', 112)
avg_seq_len: 7.7
avg_diff: 1.2
avg_diff_rate: 15.6%
orig_correct: 100.0%
adv_correct: 34.8%
targeted successful rate: 34.8%
*untargeted successful rate: 65.2%
('tot:', 211)
avg_seq_len: 7.4
avg_diff: 1.1
avg_diff_rate: 15.1%
orig_correct: 100.0%
adv_correct: 37.0%
targeted successful rate: 37.0%
*untargeted successful rate: 63.0%
('tot:', 359)
avg_seq_len: 7.2
avg_diff: 1.0
avg_diff_rate: 14.3%
orig_correct: 100.0%
adv_correct: 39.8%
targeted successful rate: 39.8%
*untargeted successful rate: 60.2%
('tot:', 515)
avg_seq_len: 7.3
avg_diff: 1.0
avg_diff_rate: 14.2%
orig_correct: 100.0%
adv_correct: 40.4%
targeted successful rate: 40.4%
*untargeted successful rate: 59.6%
('tot:', 605)
avg_seq_len: 7.2
avg_diff: 1.0
avg_diff_rate: 14.0%
orig_correct: 100.0%
adv_correct: 40.8%
targeted successful rate: 40.8%
*untargeted successful rate: 59.2%
('const confidence:', 10.0, 0.0)
Start validation
loading file https://s3.amazonaws.com/models.huggingface.co/bert/bert-base-uncased-vocab.txt from cache at /home/tuh17884/.cache/torch/pytorch_transformers/26bc1ad6c0ac742e9b52263248f6d0f00068293b33709fae12320c0e35ccfbbb.542ce4285a40d23a559526243235df47c5f75c197f04f37d1a0c124c32c9a084
['attack.py', '--function', 'knowledge', '--const', '10', '--confidence', '0', '--lr', '0.15', '--load', 'fever/bert-fever-uncased.pth', '--test-model', 'fever/bert-fever-uncased.pth', '--test-data', 'fever/test-data-cooked.pkl', '--untargeted']
orig acc：100.0%
attack success：357.0
orig pred success：605.0
success rate：59.0%
change rate: 14.1%
original ppl: 56.1
adv ppl: 150.2
bert score: 0.722
